#
# A fatal error has been detected by the Java Runtime Environment:
#
#  SIGBUS (0x7) at pc=0x00007f49b8533f5d, pid=3352, tid=139954295412480
#
# JRE version: OpenJDK Runtime Environment (7.0_65-b32) (build 1.7.0_65-b32)
# Java VM: OpenJDK 64-Bit Server VM (24.65-b04 mixed mode linux-amd64 compressed oops)
# Derivative: IcedTea 2.5.3
# Distribution: Ubuntu 14.04 LTS, package 7u71-2.5.3-0ubuntu0.14.04.1
# Problematic frame:
# C  [libzip.so+0x4f5d]
#
# Failed to write core dump. Core dumps have been disabled. To enable core dumping, try "ulimit -c unlimited" before starting Java again
#
# If you would like to submit a bug report, please include
# instructions on how to reproduce the bug and visit:
#   http://icedtea.classpath.org/bugzilla
# The crash happened outside the Java Virtual Machine in native code.
# See problematic frame for where to report the bug.
#

---------------  T H R E A D  ---------------

Current thread (0x00007f49b4ac6000):  JavaThread "Scheduled-1" [_thread_in_native, id=3383, stack(0x00007f49a6001000,0x00007f49a6102000)]

siginfo:si_signo=SIGBUS: si_errno=0, si_code=2 (BUS_ADRERR), si_addr=0x00007f49ac04415a

Registers:
RAX=0x00007f494c002f70, RBX=0x00007f49b41e0ef0, RCX=0x00007f494c000020, RDX=0x00007f494c002f70
RSP=0x00007f49a60fde70, RBP=0x00007f49a60fded0, RSI=0x00007f494c000038, RDI=0x00007f494c003240
R8 =0x0000000000000003, R9 =0x000000000000002c, R10=0x00007f49b107eab8, R11=0x000000000000002c
R12=0x00007f49b4204c38, R13=0x00007f49ac04413d, R14=0x00007f494c002f70, R15=0x00000000c4787dda
RIP=0x00007f49b8533f5d, EFLAGS=0x0000000000010202, CSGSFS=0x0000000000000033, ERR=0x0000000000000004
  TRAPNO=0x000000000000000e

Top of Stack: (sp=0x00007f49a60fde70)
0x00007f49a60fde70:   0000000000000000 00007f4900000074
0x00007f49a60fde80:   00007f49ba75ef5d 0000000000000000
0x00007f49a60fde90:   0000000000000000 00007f49ba56a84c
0x00007f49a60fdea0:   00007f49a60fdf40 00007f49b4204c30
0x00007f49a60fdeb0:   00007f49b41e0ef0 00007f49a60fdf40
0x00007f49a60fdec0:   00007f48f80016b0 00000000c4787dda
0x00007f49a60fded0:   00007f49a60fdf20 00007f49b8534d0d
0x00007f49a60fdee0:   0000000000000000 0000002cbb291749
0x00007f49a60fdef0:   0000003000000010 00007f49a60fdf40
0x00007f49a60fdf00:   00007f49a60fe398 00007f49a60fdf40
0x00007f49a60fdf10:   000000000000002c 00007f49b4ac61d8
0x00007f49a60fdf20:   00007f49a60fe380 00007f49b8532958
0x00007f49a60fdf30:   0000000100000000 00007f49b41e0ef0
0x00007f49a60fdf40:   706e64732f67726f 2f6d726f6674616c
0x00007f49a60fdf50:   6556492f636e7973 634f246e6f697372
0x00007f49a60fdf60:   632e646572727563 000000007373616c
0x00007f49a60fdf70:   00007f49a60fe0a0 0000000100000000
0x00007f49a60fdf80:   0000000000000048 00007f4900000000
0x00007f49a60fdf90:   0000000000000000 0000000000000000
0x00007f49a60fdfa0:   0000000000000000 0000000000000000
0x00007f49a60fdfb0:   0000003000000000 00007f4900000000
0x00007f49a60fdfc0:   00007f4900000025 0000000000000000
0x00007f49a60fdfd0:   0000000000000000 0000000000000000
0x00007f49a60fdfe0:   0000000000000000 00007f4900000004
0x00007f49a60fdff0:   ffffffffffffffff 0000000000000025
0x00007f49a60fe000:   0020000000000000 0000000000000000
0x00007f49a60fe010:   ffffffffffffffff 00007f49ba765529
0x00007f49a60fe020:   0000000000000000 0000000000000025
0x00007f49a60fe030:   00007f49ba76552b 00007f49ba7521e0
0x00007f49a60fe040:   0000000000000000 c2ff7f0700000020
0x00007f49a60fe050:   00007f49ba7521e6 00007f4900000000
0x00007f49a60fe060:   00007f4900000000 00007f4900000000 

Instructions: (pc=0x00007f49b8533f5d)
0x00007f49b8533f3d:   73 48 48 8b 7b 10 b9 a0 00 00 00 49 8b 14 24 e8
0x00007f49b8533f4d:   8f fe ff ff 49 89 c5 4d 85 ed 0f 84 d3 04 00 00
0x00007f49b8533f5d:   41 0f b6 55 1d 41 0f b6 45 1c 45 31 e4 41 0f b6
0x00007f49b8533f6d:   75 0d 41 0f b6 7d 0e 45 0f b6 7d 1f c1 e2 08 09 

Register to memory mapping:

RAX=0x00007f494c002f70 is an unknown value
RBX=0x00007f49b41e0ef0 is an unknown value
RCX=0x00007f494c000020 is an unknown value
RDX=0x00007f494c002f70 is an unknown value
RSP=0x00007f49a60fde70 is pointing into the stack for thread: 0x00007f49b4ac6000
RBP=0x00007f49a60fded0 is pointing into the stack for thread: 0x00007f49b4ac6000
RSI=0x00007f494c000038 is an unknown value
RDI=0x00007f494c003240 is an unknown value
R8 =0x0000000000000003 is an unknown value
R9 =0x000000000000002c is an unknown value
R10=0x00007f49b107eab8 is at entry_point+88 in (nmethod*)0x00007f49b107e8d0
R11=0x000000000000002c is an unknown value
R12=0x00007f49b4204c38 is an unknown value
R13=0x00007f49ac04413d is an unknown value
R14=0x00007f494c002f70 is an unknown value
R15=